[    0.000000] Initializing cgroup subsys cpuset
[    0.000000] Initializing cgroup subsys cpu
[    0.000000] Initializing cgroup subsys cpuacct
[    0.000000] Linux version 4.4.0-210-generic (buildd@lgw01-amd64-009) (gcc version 5.4.0 20160609 (Ubuntu 5.4.0-6ubuntu1~16.04.12) ) #242-Ubuntu SMP Fri Apr 16 09:57:56 UTC 2021 (Ubuntu 4.4.0-210.242-generic 4.4.262)
[    0.000000] Command line: BOOT_IMAGE=/boot/vmlinuz-4.4.0-210-generic root=LABEL=cloudimg-rootfs ro console=tty1 console=ttyS0
[    0.000000] KERNEL supported cpus:
[    0.000000]   Intel GenuineIntel
[    0.000000]   AMD AuthenticAMD
[    0.000000]   Centaur CentaurHauls
[    0.000000] [Firmware Bug]: TSC doesn't count with P0 frequency!
[    0.000000] x86/fpu: Legacy x87 FPU detected.
[    0.000000] e820: BIOS-provided physical RAM map:
[    0.000000] BIOS-e820: [mem 0x0000000000000000-0x000000000009fbff] usable
[    0.000000] BIOS-e820: [mem 0x000000000009fc00-0x000000000009ffff] reserved
[    0.000000] BIOS-e820: [mem 0x00000000000f0000-0x00000000000fffff] reserved
[    0.000000] BIOS-e820: [mem 0x0000000000100000-0x000000003ffeffff] usable
[    0.000000] BIOS-e820: [mem 0x000000003fff0000-0x000000003fffffff] ACPI data
[    0.000000] BIOS-e820: [mem 0x00000000fec00000-0x00000000fec00fff] reserved
[    0.000000] BIOS-e820: [mem 0x00000000fee00000-0x00000000fee00fff] reserved
[    0.000000] BIOS-e820: [mem 0x00000000fffc0000-0x00000000ffffffff] reserved
[    0.000000] NX (Execute Disable) protection: active
[    0.000000] SMBIOS 2.5 present.
[    0.000000] Hypervisor detected: KVM
[    0.000000] Kernel/User page tables isolation: disabled
[    0.000000] e820: last_pfn = 0x3fff0 max_arch_pfn = 0x400000000
[    0.000000] MTRR: Disabled
[    0.000000] x86/PAT: MTRRs disabled, skipping PAT initialization too.
[    0.000000] CPU MTRRs all blank - virtualized system.
[    0.000000] x86/PAT: Configuration [0-7]: WB  WT  UC- UC  WB  WT  UC- UC  
[    0.000000] found SMP MP-table at [mem 0x0009fff0-0x0009ffff] mapped at [ffff88000009fff0]
[    0.000000] Scanning 1 areas for low memory corruption
[    0.000000] RAMDISK: [mem 0x362dc000-0x37165fff]
[    0.000000] ACPI: Early table checksum verification disabled
[    0.000000] ACPI: RSDP 0x00000000000E0000 000024 (v02 VBOX  )
[    0.000000] ACPI: XSDT 0x000000003FFF0030 00003C (v01 VBOX   VBOXXSDT 00000001 ASL  00000061)
[    0.000000] ACPI: FACP 0x000000003FFF00F0 0000F4 (v04 VBOX   VBOXFACP 00000001 ASL  00000061)
[    0.000000] ACPI: DSDT 0x000000003FFF0610 002353 (v02 VBOX   VBOXBIOS 00000002 INTL 20100528)
[    0.000000] ACPI: FACS 0x000000003FFF0200 000040
[    0.000000] ACPI: FACS 0x000000003FFF0200 000040
[    0.000000] ACPI: APIC 0x000000003FFF0240 00005C (v02 VBOX   VBOXAPIC 00000001 ASL  00000061)
[    0.000000] ACPI: SSDT 0x000000003FFF02A0 00036C (v01 VBOX   VBOXCPUT 00000002 INTL 20100528)
[    0.000000] No NUMA configuration found
[    0.000000] Faking a node at [mem 0x0000000000000000-0x000000003ffeffff]
[    0.000000] NODE_DATA(0) allocated [mem 0x3ffeb000-0x3ffeffff]
[    0.000000] kvm-clock: Using msrs 4b564d01 and 4b564d00
[    0.000000] kvm-clock: cpu 0, msr 0:3ffe3001, primary cpu clock
[    0.000000] kvm-clock: using sched offset of 3160601078 cycles
[    0.000000] clocksource: kvm-clock: mask: 0xffffffffffffffff max_cycles: 0x1cd42e4dffb, max_idle_ns: 881590591483 ns
[    0.000000] Zone ranges:
[    0.000000]   DMA      [mem 0x0000000000001000-0x0000000000ffffff]
[    0.000000]   DMA32    [mem 0x0000000001000000-0x000000003ffeffff]
[    0.000000]   Normal   empty
[    0.000000]   Device   empty
[    0.000000] Movable zone start for each node
[    0.000000] Early memory node ranges
[    0.000000]   node   0: [mem 0x0000000000001000-0x000000000009efff]
[    0.000000]   node   0: [mem 0x0000000000100000-0x000000003ffeffff]
[    0.000000] Initmem setup node 0 [mem 0x0000000000001000-0x000000003ffeffff]
[    0.000000] ACPI: PM-Timer IO Port: 0x4008
[    0.000000] IOAPIC[0]: apic_id 2, version 32, address 0xfec00000, GSI 0-23
[    0.000000] ACPI: INT_SRC_OVR (bus 0 bus_irq 0 global_irq 2 dfl dfl)
[    0.000000] ACPI: INT_SRC_OVR (bus 0 bus_irq 9 global_irq 9 low level)
[    0.000000] Using ACPI (MADT) for SMP configuration information
[    0.000000] smpboot: Allowing 2 CPUs, 0 hotplug CPUs
[    0.000000] PM: Registered nosave memory: [mem 0x00000000-0x00000fff]
[    0.000000] PM: Registered nosave memory: [mem 0x0009f000-0x0009ffff]
[    0.000000] PM: Registered nosave memory: [mem 0x000a0000-0x000effff]
[    0.000000] PM: Registered nosave memory: [mem 0x000f0000-0x000fffff]
[    0.000000] e820: [mem 0x40000000-0xfebfffff] available for PCI devices
[    0.000000] Booting paravirtualized kernel on KVM
[    0.000000] clocksource: refined-jiffies: mask: 0xffffffff max_cycles: 0xffffffff, max_idle_ns: 7645519600211568 ns
[    0.000000] setup_percpu: NR_CPUS:512 nr_cpumask_bits:512 nr_cpu_ids:2 nr_node_ids:1
[    0.000000] PERCPU: Embedded 33 pages/cpu @ffff88003fc00000 s95192 r8192 d31784 u1048576
[    0.000000] Built 1 zonelists in Node order, mobility grouping on.  Total pages: 257912
[    0.000000] Policy zone: DMA32
[    0.000000] Kernel command line: BOOT_IMAGE=/boot/vmlinuz-4.4.0-210-generic root=LABEL=cloudimg-rootfs ro console=tty1 console=ttyS0
[    0.000000] PID hash table entries: 4096 (order: 3, 32768 bytes)
[    0.000000] Memory: 997792K/1048120K available (8644K kernel code, 1332K rwdata, 4044K rodata, 1492K init, 1164K bss, 50328K reserved, 0K cma-reserved)
[    0.000000] SLUB: HWalign=64, Order=0-3, MinObjects=0, CPUs=2, Nodes=1
[    0.000000] Hierarchical RCU implementation.
[    0.000000] 	Build-time adjustment of leaf fanout to 64.
[    0.000000] 	RCU restricting CPUs from NR_CPUS=512 to nr_cpu_ids=2.
[    0.000000] RCU: Adjusting geometry for rcu_fanout_leaf=64, nr_cpu_ids=2
[    0.000000] NR_IRQS:33024 nr_irqs:440 16
[    0.000000] Console: colour VGA+ 80x25
[    0.000000] console [tty1] enabled
[    0.000000] console [ttyS0] enabled
[    0.000000] tsc: Detected 1896.387 MHz processor
[    0.297850] Calibrating delay loop (skipped) preset value.. 3792.77 BogoMIPS (lpj=7585548)
[    0.301886] pid_max: default: 32768 minimum: 301
[    0.303977] ACPI: Core revision 20150930
[    0.306517] ACPI: 2 ACPI AML tables successfully acquired and loaded
[    0.310254] Security Framework initialized
[    0.312182] Yama: becoming mindful.
[    0.313959] AppArmor: AppArmor initialized
[    0.317393] Dentry cache hash table entries: 131072 (order: 8, 1048576 bytes)
[    0.325411] Inode-cache hash table entries: 65536 (order: 7, 524288 bytes)
[    0.329900] Mount-cache hash table entries: 2048 (order: 2, 16384 bytes)
[    0.333170] Mountpoint-cache hash table entries: 2048 (order: 2, 16384 bytes)
[    0.337144] Initializing cgroup subsys io
[    0.339242] Initializing cgroup subsys memory
[    0.342617] Initializing cgroup subsys devices
[    0.344842] Initializing cgroup subsys freezer
[    0.346917] Initializing cgroup subsys net_cls
[    0.349090] Initializing cgroup subsys perf_event
[    0.351316] Initializing cgroup subsys net_prio
[    0.354183] Initializing cgroup subsys hugetlb
[    0.357055] Initializing cgroup subsys pids
[    0.359805] mce: CPU supports 0 MCE banks
[    0.361797] Last level iTLB entries: 4KB 512, 2MB 512, 4MB 256
[    0.364545] Last level dTLB entries: 4KB 2048, 2MB 2048, 4MB 1024, 1GB 0
[    0.367734] Spectre V1 : Mitigation: usercopy/swapgs barriers and __user pointer sanitization
[    0.371901] Spectre V2 : Spectre mitigation: LFENCE not serializing, switching to generic retpoline
[    0.376048] Spectre V2 : Mitigation: Full generic retpoline
[    0.378553] Spectre V2 : Spectre v2 / SpectreRSB mitigation: Filling RSB on context switch
[    0.402574] Freeing SMP alternatives memory: 36K
[    0.443841] ftrace: allocating 32380 entries in 127 pages
[    0.730527] smpboot: APIC(0) Converting physical 0 to logical package 0
[    0.734548] smpboot: Max logical packages: 1
[    0.744596] ..TIMER: vector=0x30 apic1=0 pin1=2 apic2=-1 pin2=-1
[    0.856245] smpboot: CPU0: AMD Ryzen 7 5800U with Radeon Graphics (family: 0x19, model: 0x50, stepping: 0x0)
[    0.862873] Performance Events: Broken PMU hardware detected, using software events only.
[    0.867506] Failed to access perfctr msr (MSR c0010007 is 0)
[    0.912161] KVM setup paravirtual spinlock
[    0.915976] x86: Booting SMP configuration:
[    0.917961] .... node  #0, CPUs:      #1
[    0.920843] kvm-clock: cpu 1, msr 0:3ffe3041, secondary cpu clock
[    0.924288] mce: CPU supports 0 MCE banks
[    0.927495] TSC synchronization [CPU#0 -> CPU#1]:
[    0.930286] Measured 33708 cycles TSC warp between CPUs, turning off TSC clock.
[    0.934398] tsc: Marking TSC unstable due to check_tsc_sync_source failed
[    0.350681] x86: Booted up 1 node, 2 CPUs
[    0.352003] smpboot: Total of 2 processors activated (7585.54 BogoMIPS)
[    0.357252] devtmpfs: initialized
[    0.361321] evm: security.selinux
[    0.362985] evm: security.SMACK64
[    0.364002] evm: security.SMACK64EXEC
[    0.365670] evm: security.SMACK64TRANSMUTE
[    0.368002] evm: security.SMACK64MMAP
[    0.369693] evm: security.ima
[    0.371065] evm: security.capability
[    0.372183] clocksource: jiffies: mask: 0xffffffff max_cycles: 0xffffffff, max_idle_ns: 7645041785100000 ns
[    0.376026] futex hash table entries: 512 (order: 3, 32768 bytes)
[    0.380184] pinctrl core: initialized pinctrl subsystem
[    0.384329] RTC time:  5:38:00, date: 01/24/23
[    0.388719] NET: Registered protocol family 16
[    0.400010] cpuidle: using governor ladder
[    0.412008] cpuidle: using governor menu
[    0.415163] PCCT header not found.
[    0.417764] ACPI: bus type PCI registered
[    0.420002] acpiphp: ACPI Hot Plug PCI Controller Driver version: 0.5
[    0.423111] PCI: Using configuration type 1 for base access
[    0.424001] PCI: Using configuration type 1 for extended access
[    0.444299] ACPI: Added _OSI(Module Device)
[    0.448002] ACPI: Added _OSI(Processor Device)
[    0.449998] ACPI: Added _OSI(3.0 _SCP Extensions)
[    0.452002] ACPI: Added _OSI(Processor Aggregator Device)
[    0.456696] ACPI: Executed 1 blocks of module-level executable AML code
[    0.462060] ACPI: Interpreter enabled
[    0.464008] ACPI: (supports S0 S5)
[    0.465582] ACPI: Using IOAPIC for interrupt routing
[    0.468168] PCI: Using host bridge windows from ACPI; if necessary, use "pci=nocrs" and report a bug
[    0.476814] ACPI: PCI Root Bridge [PCI0] (domain 0000 [bus 00-ff])
[    0.480005] acpi PNP0A03:00: _OSC: OS supports [ExtendedConfig ASPM ClockPM Segments MSI]
[    0.484641] acpi PNP0A03:00: _OSC: platform does not support [PCIeCapability]
[    0.488301] acpi PNP0A03:00: _OSC: not requesting control; platform does not support [PCIeCapability]
[    0.492003] acpi PNP0A03:00: _OSC: OS requested [PCIeHotplug PME AER PCIeCapability]
[    0.496002] acpi PNP0A03:00: _OSC: platform willing to grant [PCIeHotplug PME AER]
[    0.500003] acpi PNP0A03:00: _OSC failed (AE_SUPPORT); disabling ASPM
[    0.503185] PCI host bridge to bus 0000:00
[    0.504003] pci_bus 0000:00: root bus resource [io  0x0000-0x0cf7 window]
[    0.508002] pci_bus 0000:00: root bus resource [io  0x0d00-0xffff window]
[    0.510967] pci_bus 0000:00: root bus resource [mem 0x000a0000-0x000bffff window]
[    0.512002] pci_bus 0000:00: root bus resource [mem 0x40000000-0xfdffffff window]
[    0.516003] pci_bus 0000:00: root bus resource [bus 00-ff]
[    0.527394] pci 0000:00:01.1: legacy IDE quirk: reg 0x10: [io  0x01f0-0x01f7]
[    0.528004] pci 0000:00:01.1: legacy IDE quirk: reg 0x14: [io  0x03f6]
[    0.532004] pci 0000:00:01.1: legacy IDE quirk: reg 0x18: [io  0x0170-0x0177]
[    0.536002] pci 0000:00:01.1: legacy IDE quirk: reg 0x1c: [io  0x0376]
[    0.552727] pci 0000:00:07.0: quirk: [io  0x4000-0x403f] claimed by PIIX4 ACPI
[    0.556031] pci 0000:00:07.0: quirk: [io  0x4100-0x410f] claimed by PIIX4 SMB
[    0.567187] ACPI: PCI Interrupt Link [LNKA] (IRQs 5 9 10 *11)
[    0.569743] ACPI: PCI Interrupt Link [LNKB] (IRQs 5 9 *10 11)
[    0.573559] ACPI: PCI Interrupt Link [LNKC] (IRQs 5 *9 10 11)
[    0.577633] ACPI: PCI Interrupt Link [LNKD] (IRQs 5 9 10 *11)
[    0.581777] ACPI: Enabled 2 GPEs in block 00 to 07
[    0.584183] vgaarb: setting as boot device: PCI:0000:00:02.0
[    0.587082] vgaarb: device added: PCI:0000:00:02.0,decodes=io+mem,owns=io+mem,locks=none
[    0.588006] vgaarb: loaded
[    0.589338] vgaarb: bridge control possible 0000:00:02.0
[    0.592268] SCSI subsystem initialized
[    0.594449] ACPI: bus type USB registered
[    0.596063] usbcore: registered new interface driver usbfs
[    0.598580] usbcore: registered new interface driver hub
[    0.600009] usbcore: registered new device driver usb
[    0.604227] PCI: Using ACPI for IRQ routing
[    0.608018] NetLabel: Initializing
[    0.609648] NetLabel:  domain hash size = 128
[    0.611608] NetLabel:  protocols = UNLABELED CIPSOv4
[    0.612009] NetLabel:  unlabeled traffic allowed by default
[    0.616083] amd_nb: Cannot enumerate AMD northbridges
[    0.618607] clocksource: Switched to clocksource kvm-clock
[    0.628285] AppArmor: AppArmor Filesystem Enabled
[    0.628285] pnp: PnP ACPI init
[    0.628285] pnp: PnP ACPI: found 3 devices
[    0.671807] clocksource: acpi_pm: mask: 0xffffff max_cycles: 0xffffff, max_idle_ns: 2085701024 ns
[    0.672219] NET: Registered protocol family 2
[    0.678270] TCP established hash table entries: 8192 (order: 4, 65536 bytes)
[    0.681787] TCP bind hash table entries: 8192 (order: 5, 131072 bytes)
[    0.685096] TCP: Hash tables configured (established 8192 bind 8192)
[    0.685567] UDP hash table entries: 512 (order: 2, 16384 bytes)
[    0.685567] UDP-Lite hash table entries: 512 (order: 2, 16384 bytes)
[    0.685567] NET: Registered protocol family 1
[    0.685567] pci 0000:00:00.0: Limiting direct PCI/PCI transfers
[    0.685567] pci 0000:00:01.0: Activating ISA DMA hang workarounds
[    0.685567] Unpacking initramfs...
[    0.685567] Freeing initrd memory: 14888K
[    0.685567] clocksource: tsc: mask: 0xffffffffffffffff max_cycles: 0x36abae31255, max_idle_ns: 881590597922 ns
[    0.685567] platform rtc_cmos: registered platform RTC device (no PNP device found)
[    0.685567] Scanning for low memory corruption every 60 seconds
[    0.923503] audit: initializing netlink subsys (disabled)
[    0.927757] audit: type=2000 audit(1674538684.365:1): initialized
[    0.932566] Initialise system trusted keyring
[    0.936892] HugeTLB registered 2 MB page size, pre-allocated 0 pages
[    0.940801] zbud: loaded
[    0.943713] VFS: Disk quotas dquot_6.6.0
[    0.947896] VFS: Dquot-cache hash table entries: 512 (order 0, 4096 bytes)
[    0.952763] squashfs: version 4.0 (2009/01/31) Phillip Lougher
[    0.957517] fuse init (API version 7.23)
[    0.959758] Key type big_key registered
[    0.961679] Allocating IMA MOK and blacklist keyrings.
[    0.974503] Key type asymmetric registered
[    0.976548] Asymmetric key parser 'x509' registered
[    0.978751] Block layer SCSI generic (bsg) driver version 0.4 loaded (major 249)
[    0.982707] io scheduler noop registered
[    0.985053] io scheduler deadline registered (default)
[    0.987769] io scheduler cfq registered
[    0.989931] pci_hotplug: PCI Hot Plug PCI Core version: 0.5
[    0.992772] pciehp: PCI Express Hot Plug Controller Driver version: 0.4
[    0.995839] ACPI: AC Adapter [AC] (on-line)
[    0.998083] input: Power Button as /devices/LNXSYSTM:00/LNXPWRBN:00/input/input0
[    1.001582] ACPI: Power Button [PWRF]
[    1.003523] input: Sleep Button as /devices/LNXSYSTM:00/LNXSLPBN:00/input/input1
[    1.007503] ACPI: Sleep Button [SLPF]
[    1.010875] ACPI: Battery Slot [BAT0] (battery present)
[    1.013403] GHES: HEST is not enabled!
[    1.015403] Serial: 8250/16550 driver, 32 ports, IRQ sharing enabled
[    1.041330] 00:02: ttyS0 at I/O 0x3f8 (irq = 4, base_baud = 115200) is a 16550A
[    1.055670] Linux agpgart interface v0.103
[    1.068344] loop: module loaded
[    1.071774] scsi host0: ata_piix
[    1.075361] scsi host1: ata_piix
[    1.077087] ata1: PATA max UDMA/33 cmd 0x1f0 ctl 0x3f6 bmdma 0xd000 irq 14
[    1.080179] ata2: PATA max UDMA/33 cmd 0x170 ctl 0x376 bmdma 0xd008 irq 15
[    1.084366] libphy: Fixed MDIO Bus: probed
[    1.086655] tun: Universal TUN/TAP device driver, 1.6
[    1.089134] tun: (C) 1999-2004 Max Krasnyansky <maxk@qualcomm.com>
[    1.092643] PPP generic driver version 2.4.2
[    1.095073] ehci_hcd: USB 2.0 'Enhanced' Host Controller (EHCI) Driver
[    1.098194] ehci-pci: EHCI PCI platform driver
[    1.100476] ehci-platform: EHCI generic platform driver
[    1.102993] ohci_hcd: USB 1.1 'Open' Host Controller (OHCI) Driver
[    1.105949] ohci-pci: OHCI PCI platform driver
[    1.108208] ohci-platform: OHCI generic platform driver
[    1.110663] uhci_hcd: USB Universal Host Controller Interface driver
[    1.114048] i8042: PNP: PS/2 Controller [PNP0303:PS2K,PNP0f03:PS2M] at 0x60,0x64 irq 1,12
[    1.119654] serio: i8042 KBD port at 0x60,0x64 irq 1
[    1.122891] serio: i8042 AUX port at 0x60,0x64 irq 12
[    1.126235] mousedev: PS/2 mouse device common for all mice
[    1.130309] input: AT Translated Set 2 keyboard as /devices/platform/i8042/serio0/input/input2
[    1.136709] rtc_cmos rtc_cmos: rtc core: registered rtc_cmos as rtc0
[    1.139726] rtc_cmos rtc_cmos: alarms up to one day, 114 bytes nvram
[    1.142646] i2c /dev entries driver
[    1.144340] device-mapper: uevent: version 1.0.3
[    1.146877] device-mapper: ioctl: 4.34.0-ioctl (2015-10-28) initialised: dm-devel@redhat.com
[    1.151050] ledtrig-cpu: registered to indicate activity on CPUs
[    1.156701] NET: Registered protocol family 10
[    1.159416] NET: Registered protocol family 17
[    1.161627] Key type dns_resolver registered
[    1.165029] registered taskstats version 1
[    1.166892] Loading compiled-in X.509 certificates
[    1.169461] Loaded X.509 cert 'Build time autogenerated kernel key: cf00e047681d67edb2720680708b7d9498083038'
[    1.174180] zswap: loaded using pool lzo/zbud
[    1.180850] Key type trusted registered
[    1.188998] Key type encrypted registered
[    1.190834] AppArmor: AppArmor sha1 policy hashing enabled
[    1.193587] ima: No TPM chip found, activating TPM-bypass!
[    1.196173] ima: Allocated hash algorithm: sha1
[    1.198352] evm: HMAC attrs: 0x1
[    1.200777]   Magic number: 7:880:618
[    1.202991] rtc_cmos rtc_cmos: setting system clock to 2023-01-24 05:38:00 UTC (1674538680)
[    1.207382] BIOS EDD facility v0.16 2004-Jun-25, 0 devices found
[    1.210156] EDD information not available.
[    1.281994] Freeing unused kernel memory: 1492K
[    1.284313] Write protecting the kernel read-only data: 14336k
[    1.287644] Freeing unused kernel memory: 1584K
[    1.290204] Freeing unused kernel memory: 52K
Loading, please wait...
starting version 229
[    1.308791] random: systemd-udevd: uninitialized urandom read (16 bytes read, 5 bits of entropy available)
[    1.308917] random: udevadm: uninitialized urandom read (16 bytes read, 5 bits of entropy available)
[    1.309002] random: udevadm: uninitialized urandom read (16 bytes read, 5 bits of entropy available)
[    1.320952] random: udevadm: uninitialized urandom read (16 bytes read, 5 bits of entropy available)
[    1.320990] random: udevadm: uninitialized urandom read (16 bytes read, 5 bits of entropy available)
[    1.321161] random: udevadm: uninitialized urandom read (16 bytes read, 5 bits of entropy available)
[    1.321209] random: udevadm: uninitialized urandom read (16 bytes read, 5 bits of entropy available)
[    1.321282] random: udevadm: uninitialized urandom read (16 bytes read, 5 bits of entropy available)
[    1.321375] random: udevadm: uninitialized urandom read (16 bytes read, 5 bits of entropy available)
[    1.321422] random: udevadm: uninitialized urandom read (16 bytes read, 5 bits of entropy available)
[    1.403147] Fusion MPT base driver 3.04.20
[    1.406591] Copyright (c) 1999-2008 LSI Corporation
[    1.410921] e1000: Intel(R) PRO/1000 Network Driver - version 7.3.21-k8-NAPI
[    1.416095] e1000: Copyright (c) 1999-2006 Intel Corporation.
[    1.444521] SSE version of gcm_enc/dec engaged.
[    1.449095] Fusion MPT SPI Host driver 3.04.20
[    1.661396] input: ImExPS/2 Generic Explorer Mouse as /devices/platform/i8042/serio1/input/input4
[    1.937479] e1000 0000:00:03.0 eth0: (PCI:33MHz:32-bit) 02:be:82:6b:cc:1d
[    1.940612] e1000 0000:00:03.0 eth0: Intel(R) PRO/1000 Network Connection
[    1.945463] mptbase: ioc0: Initiating bringup
[    2.038572] ioc0: LSI53C1030 A0: Capabilities={Initiator}
[    2.423074] scsi host2: ioc0: LSI53C1030 A0, FwRev=00000000h, Ports=1, MaxQ=256, IRQ=20
[    2.753563] scsi 2:0:0:0: Direct-Access     VBOX     HARDDISK         1.0  PQ: 0 ANSI: 5
[    2.757906] scsi target2:0:0: Beginning Domain Validation
[    2.763611] scsi target2:0:0: Domain Validation skipping write tests
[    2.766712] scsi target2:0:0: Ending Domain Validation
[    2.769512] scsi target2:0:0: asynchronous
[    2.773255] scsi 2:0:1:0: Direct-Access     VBOX     HARDDISK         1.0  PQ: 0 ANSI: 5
[    2.777242] scsi target2:0:1: Beginning Domain Validation
[    2.783849] scsi target2:0:1: Domain Validation skipping write tests
[    2.810613] scsi target2:0:1: Ending Domain Validation
[    2.814533] scsi target2:0:1: asynchronous
[    2.841438] sd 2:0:0:0: Attached scsi generic sg0 type 0
[    2.845298] sd 2:0:0:0: [sda] 83886080 512-byte logical blocks: (42.9 GB/40.0 GiB)
[    2.850942] sd 2:0:1:0: [sdb] 20480 512-byte logical blocks: (10.5 MB/10.0 MiB)
[    2.856035] sd 2:0:1:0: Attached scsi generic sg1 type 0
[    2.860705] sd 2:0:1:0: [sdb] Write Protect is off
[    2.864618] sd 2:0:0:0: [sda] Write Protect is off
[    2.868439] sd 2:0:0:0: [sda] Incomplete mode parameter data
[    2.872269] sd 2:0:0:0: [sda] Assuming drive cache: write through
[    2.876726] sd 2:0:1:0: [sdb] Incomplete mode parameter data
[    2.880771] sd 2:0:1:0: [sdb] Assuming drive cache: write through
[    2.887080]  sda: sda1
[    2.892882] sd 2:0:0:0: [sda] Attached SCSI disk
[    2.897779] sd 2:0:1:0: [sdb] Attached SCSI disk
[    3.301465] e1000 0000:00:08.0 eth1: (PCI:33MHz:32-bit) 08:00:27:70:52:eb
[    3.304558] e1000 0000:00:08.0 eth1: Intel(R) PRO/1000 Network Connection
[    3.309388] e1000 0000:00:08.0 enp0s8: renamed from eth1
[    3.328725] e1000 0000:00:03.0 enp0s3: renamed from eth0
Begin: Loading essential drivers ... [    4.649093] md: linear personality registered for level -1
[    4.654441] md: multipath personality registered for level -4
[    4.659427] md: raid0 personality registered for level 0
[    4.671127] md: raid1 personality registered for level 1
[    4.744243] raid6: sse2x1   gen()  7864 MB/s
[    4.812334] raid6: sse2x1   xor() 11608 MB/s
[    4.880646] raid6: sse2x2   gen() 14420 MB/s
[    4.948048] raid6: sse2x2   xor() 15783 MB/s
[    5.016821] raid6: sse2x4   gen() 19992 MB/s
[    5.084426] raid6: sse2x4   xor() 11913 MB/s
[    5.086632] raid6: using algorithm sse2x4 gen() 19992 MB/s
[    5.089322] raid6: .... xor() 11913 MB/s, rmw enabled
[    5.091597] raid6: using ssse3x2 recovery algorithm
[    5.096200] xor: measuring software checksum speed
[   16.209597]    prefetch64-sse: 1142629.448 MB/sec
[   16.314455]    generic_sse: 51330.000 MB/sec
[   16.316953] xor: using function: prefetch64-sse (1142629.448 MB/sec)
[   16.322224] async_tx: api initialized (async)
[   16.352181] md: raid6 personality registered for level 6
[   16.355359] md: raid5 personality registered for level 5
[   16.358126] md: raid4 personality registered for level 4
[   16.374517] md: raid10 personality registered for level 10
done.
Begin: Running /scripts/init-premount ... done.
Begin: Mounting root file system ... Begin: Running /scripts/local-top ... done.
Begin: Running /scripts/local-premount ... [   16.425017] Btrfs loaded
Scanning for Btrfs filesystems
done.
Warning: fsck not present, so skipping root file system
[   16.463501] EXT4-fs (sda1): mounted filesystem with ordered data mode. Opts: (null)
done.
Begin: Running /scripts/local-bottom ... done.
Begin: Running /scripts/init-bottom ... done.
[   16.585704] systemd[1]: systemd 229 running in system mode. (+PAM +AUDIT +SELINUX +IMA +APPARMOR +SMACK +SYSVINIT +UTMP +LIBCRYPTSETUP +GCRYPT +GNUTLS +ACL +XZ -LZ4 +SECCOMP +BLKID +ELFUTILS +KMOD -IDN)
[   16.595061] systemd[1]: Detected virtualization oracle.
[   16.597994] systemd[1]: Detected architecture x86-64.

Welcome to [1mUbuntu 16.04.7 LTS[0m!

[   16.606909] systemd[1]: Set hostname to <ubuntu>.
[   16.613777] systemd[1]: Initializing machine ID from random generator.
[   16.617219] systemd[1]: Installed transient /etc/machine-id file.
[   16.765763] systemd[1]: Set up automount Arbitrary Executable File Formats File System Automount Point.
[[0;32m  OK  [0m] Set up automount Arbitrary Executab...ats File System Automount Point.
[   16.773965] systemd[1]: Started Forward Password Requests to Wall Directory Watch.
[[0;32m  OK  [0m] Started Forward Password Requests to Wall Directory Watch.
[   16.781212] systemd[1]: Listening on Device-mapper event daemon FIFOs.
[[0;32m  OK  [0m] Listening on Device-mapper event daemon FIFOs.
[   16.787613] systemd[1]: Listening on /dev/initctl Compatibility Named Pipe.
[[0;32m  OK  [0m] Listening on /dev/initctl Compatibility Named Pipe.
[   16.794354] systemd[1]: Listening on LVM2 metadata daemon socket.
[[0;32m  OK  [0m] Listening on LVM2 metadata daemon socket.
[   16.801107] systemd[1]: Listening on Journal Audit Socket.
[[0;32m  OK  [0m] Listening on Journal Audit Socket.
[   16.806936] systemd[1]: Listening on udev Kernel Socket.
[[0;32m  OK  [0m] Listening on udev Kernel Socket.
[   16.813107] systemd[1]: Created slice System Slice.
[[0;32m  OK  [0m] Created slice System Slice.
[   16.818853] systemd[1]: Created slice system-serial\x2dgetty.slice.
[[0;32m  OK  [0m] Created slice system-serial\x2dgetty.slice.
[   16.825077] systemd[1]: Reached target Encrypted Volumes.
[[0;32m  OK  [0m] Reached target Encrypted Volumes.
[   16.831062] systemd[1]: Listening on Journal Socket.
[[0;32m  OK  [0m] Listening on Journal Socket.
[   16.857034] systemd[1]: Starting Set console keymap...
         Starting Set console keymap...
[   16.864215] systemd[1]: Mounting Debug File System...
         Mounting Debug File System...
[   16.870776] systemd[1]: Starting Nameserver information manager...
         Starting Nameserver information manager...
[   16.877983] systemd[1]: Starting Uncomplicated firewall...
         Starting Uncomplicated firewall...
[   16.887153] systemd[1]: Mounting Huge Pages File System...
         Mounting Huge Pages File System...
[   16.895187] systemd[1]: Listening on LVM2 poll daemon socket.
[[0;32m  OK  [0m] Listening on LVM2 poll daemon socket.
[   16.903501] systemd[1]: Reached target Swap.
[[0;32m  OK  [0m] Reached target Swap.
[   16.914006] systemd[1]: Starting Load Kernel Modules...
         Starting Load Kernel Modules...
[   16.923880] systemd[1]: Mounting POSIX Message Queue File System...
[   16.928967] Loading iSCSI transport class v2.0-870.
         Mounting POSIX Message Queue File System...
[   16.933612] systemd[1]: Created slice User and Session Slice.
[[0;32m  OK  [0m] Created slice User and Session Slice.
[   16.943364] systemd[1]: Reached target Slices.
[   16.947422] iscsi: registered transport (tcp)
[[0;32m  OK  [0m] Reached target Slices.
[   16.953231] systemd[1]: Listening on Journal Socket (/dev/log).
[[0;32m  OK  [0m] Listening on Journal Socket (/dev/log).
[   16.961413] systemd[1]: Started Trigger resolvconf update for networkd DNS.
[[0;32m  OK  [0m] Started Trigger resolvconf update for networkd DNS.
[   16.972232] systemd[1]: Listening on Syslog Socket.
[[0;32m  OK  [0m] Listening on Syslog Socket.
[   16.997437] systemd[1]: Starting Journal Service...
         Starting Journal Service...
[   17.004884] systemd[1]: Reached target System Time Synchronized.
[[0;32m  OK  [0m] Reached target System Time Synchronized.
[   17.012409] systemd[1]: Listening on udev Control Socket.
[[0;32m  OK  [0m] Listening on udev Control Socket.
[   17.019350] systemd[1]: Reached target User and Group Name Lookups.
[[0;32m  OK  [0m] Reached target User and Group Name Lookups.
[   17.027089] systemd[1]: Listening on fsck to fsckd communication Socket.
[[0;32m  OK  [0m] Listening on fsck to fsckd communication Socket.
[   17.035879] systemd[1]: Starting Create list of required static device nodes for the current kernel...
[   17.043310] iscsi: registered transport (iser)
         Starting Create list of required st... nodes for the current kernel...
[   17.049752] systemd[1]: Starting File System Check on Root Device...
         Starting File System Check on Root Device...
[   17.057883] systemd[1]: Starting Monitoring of LVM2 mirrors, snapshots etc. using dmeventd or progress polling...
         Starting Monitoring of LVM2 mirrors... dmeventd or progress polling...
[   17.070908] random: nonblocking pool is initialized
[   17.077710] systemd[1]: Mounted Huge Pages File System.
[[0;32m  OK  [0m] Mounted Huge Pages File System.
[   17.087099] systemd[1]: Mounted POSIX Message Queue File System.
[[0;32m  OK  [0m] Mounted POSIX Message Queue File System.
[   17.097244] systemd[1]: Mounted Debug File System.
[[0;32m  OK  [0m] Mounted Debug File System.
[   17.103019] systemd[1]: Started Journal Service.
[[0;32m  OK  [0m] Started Journal Service.
[[0;32m  OK  [0m] Started Set console keymap.
[[0;32m  OK  [0m] Started Uncomplicated firewall.
[[0;32m  OK  [0m] Started Load Kernel Modules.
[[0;32m  OK  [0m] Started Create list of required sta...ce nodes for the current kernel.
[[0;32m  OK  [0m] Started File System Check on Root Device.
[[0;32m  OK  [0m] Started Nameserver information manager.
[[0;32m  OK  [0m] Started LVM2 metadata daemon.
[[0;32m  OK  [0m] Started File System Check Daemon to report status.
         Starting Remount Root and Kernel File Systems...
[   17.186032] EXT4-fs (sda1): re-mounted. Opts: (null)
         Starting Create Static Device Nodes in /dev...
         Starting Apply Kernel Variables...
         Mounting FUSE Control File System...
[[0;32m  OK  [0m] Mounted FUSE Control File System.
[[0;32m  OK  [0m] Started Remount Root and Kernel File Systems.
[[0;32m  OK  [0m] Started Create Static Device Nodes in /dev.
[[0;32m  OK  [0m] Started Apply Kernel Variables.
         Starting udev Kernel Device Manager...
         Starting Flush Journal to Persistent Storage...
         Starting udev Coldplug all Devices...
         Starting Load/Save Random Seed...
[[0;32m  OK  [0m] Started Load/Save Random Seed.
[[0;32m  OK  [0m] Started Flush Journal to Persistent Storage.
[[0;32m  OK  [0m] Started udev Kernel Device Manager.
[[0;32m  OK  [0m] Started udev Coldplug all Devices.
[[0;32m  OK  [0m] Started Dispatch Password Requests to Console Directory Watch.
[[0;32m  OK  [0m] Found device /dev/ttyS0.
[[0;32m  OK  [0m] Listening on Load/Save RF Kill Switch Status /dev/rfkill Watch.
[[0;32m  OK  [0m] Started Monitoring of LVM2 mirrors,...ng dmeventd or progress polling.
[[0;32m  OK  [0m] Reached target Local File Systems (Pre).
[[0;32m  OK  [0m] Reached target Local File Systems.
         Starting Tell Plymouth To Write Out Runtime Data...
         Starting Set console font and keymap...
         Starting Initial cloud-init job (pre-networking)...
         Starting Create Volatile Files and Directories...
         Starting LSB: AppArmor initialization...
         Starting Commit a transient machine-id on disk...
[[0;32m  OK  [0m] Started Tell Plymouth To Write Out Runtime Data.
[[0;32m  OK  [0m] Started Create Volatile Files and Directories.
         Starting Update UTMP about System Boot/Shutdown...
[[0;32m  OK  [0m] Started Commit a transient machine-id on disk.
[[0;32m  OK  [0m] Started Update UTMP about System Boot/Shutdown.
[[0;32m  OK  [0m] Started Set console font and keymap.
[[0;32m  OK  [0m] Created slice system-getty.slice.
[[0;32m  OK  [0m] Started LSB: AppArmor initialization.
         Starting Load AppArmor profiles managed internally by snapd...
[[0;32m  OK  [0m] Started Load AppArmor profiles managed internally by snapd.
[   19.332731] cloud-init[620]: Cloud-init v. 21.1-19-gbad84ad4-0ubuntu1~16.04.2 running 'init-local' at Tue, 24 Jan 2023 05:38:18 +0000. Up 19.07 seconds.
[[0;32m  OK  [0m] Started Initial cloud-init job (pre-networking).
[[0;32m  OK  [0m] Reached target Network (Pre).
         Starting Raise network interfaces...
[[0;32m  OK  [0m] Started Raise network interfaces.
[[0;32m  OK  [0m] Reached target Network.
         Starting Initial cloud-init job (metadata service crawler)...
[   20.122141] cloud-init[956]: Cloud-init v. 21.1-19-gbad84ad4-0ubuntu1~16.04.2 running 'init' at Tue, 24 Jan 2023 05:38:19 +0000. Up 19.77 seconds.
[   20.128433] cloud-init[956]: ci-info: ++++++++++++++++++++++++++++++++++++++Net device info+++++++++++++++++++++++++++++++++++++++
[   20.134241] cloud-init[956]: ci-info: +--------+-------+----------------------------+---------------+--------+-------------------+
[   20.139814] cloud-init[956]: ci-info: | Device |   Up  |          Address           |      Mask     | Scope  |     Hw-Address    |
[   20.146021] cloud-init[956]: ci-info: +--------+-------+----------------------------+---------------+--------+-------------------+
[   20.151837] cloud-init[956]: ci-info: | enp0s3 |  True |         10.0.2.15          | 255.255.255.0 | global | 02:be:82:6b:cc:1d |
[   20.157593] cloud-init[[956]: ci-info: | enp0s3 |  True | fe80::be:82ff:fe6b:cc1d/64 |       .       |  link  | 02:be:82:6b:cc:1d |
[   20.160609] cloud-init[956]: ci-info: | enp0s8 | False |             .              |       .       |   .    | 08:00:27:70:52:eb |
[   20.160924] cloud-init[956]: ci-info: |   lo   |  True |         127.0.0.1          |   255.0.0.0   |  host  |         .         |
[   20.161244] cloud-init[956]: ci-info: |   lo   |  True |          ::1/128           |       .       |  host  |         .         |
[   20.161457] cloud-init[956]: ci-info: +--------+-------+----------------------------+---------------+--------+-------------------+
[   20.161989] cloud-init[956]: ci-info: +++++++++++++++++++++++++++Route IPv4 info++++++++++++++++++++++++++++
[   20.162246] cloud-init[956]: ci-info: +-------+-------------+----------+---------------+-----------+-------+
[   20.162507] cloud-init[956]: ci-info: | Route | Destination | Gateway  |    Genmask    | Interface | Flags |
[   20.162759] cloud-init[956]: ci-info: +-------+-------------+----------+---------------+-----------+-------+
[   20.163014] cloud-init[956]: ci-info: |   0   |   0.0.0.0   | 10.0.2.2 |    0.0.0.0    |   enp0s3  |   UG  |
[   20.163308] cloud-init[956]: ci-info: |   1   |   10.0.2.0  | 0.0.0.0  | 255.255.255.0 |   enp0s3  |   U   |
[   20.163549] cloud-init[956]: ci-info: +-------+-------------+----------+---------------+-----------+-------+
[   20.163802] cloud-init[956]: ci-info: +++++++++++++++++++Route IPv6 info+++++++++++++++++++
[   20.164198] cloud-init[956]: ci-info: +-------+-------------+---------+-----------+-------+
[   20.164377] cloud-init[956]: ci-info: | Route | Destination | Gateway | Interface | Flags |
[   20.164636] cloud-init[956]: ci-info: +-------+-------------+---------+-----------+-------+
[   20.164889] cloud-init[956]: ci-info: |   0   |  fe80::/64  |    ::   |   enp0s3  |   U   |
[   20.165186] cloud-init[956]: ci-info: |   3   |   ff00::/8  |    ::   |   enp0s3  |   U   |
[   20.165425] cloud-init[956]: ci-info: +-------+-------------+---------+-----------+-------+
[   20.165681] cloud-init[956]: Generating public/private rsa key pair.
[   20.165939] cloud-init[956]: Your identification has been saved in /etc/ssh/ssh_host_rsa_key.
[   20.166187] cloud-init[956]: Your public key has been saved in /etc/ssh/ssh_host_rsa_key.pub.
[   20.166445] cloud-init[956]: The key fingerprint is:
[   20.166700] cloud-init[956]: SHA256:N9tatOXOeg+KkDrYBob/MTUv3vB/TDh5gU4p0p+i2Lg root@ubuntu-xenial
[   20.166956] cloud-init[956]: The key's randomart image is:
[   20.167207] cloud-init[956]: +---[RSA 2048]----+
[   20.167465] cloud-init[956]: |                 |
[   20.167744] cloud-init[956]: |                 |
[   20.167983] cloud-init[956]: |         .   o   |
[   20.168546] cloud-init[956]: |        . o + .  |
[   20.168795] cloud-init[956]: |   .    S.o=.+.. |
[   20.169053] cloud-init[956]: |  . o  . =.=B+o  |
[   20.169310] cloud-init[956]: |   o +o+=.o.+=o  |
[   20.169564] cloud-init[956]: |    o *=o* + ++. |
[   20.169850] cloud-init[956]: |     oEo. =.++o..|
[   20.170088] cloud-init[956]: +----[SHA256]-----+
[   20.170341] cloud-init[956]: Generating public/private dsa key pair.
[   20.170598] cloud-init[956]: Your identification has been saved in /etc/ssh/ssh_host_dsa_key.
[   20.170852] cloud-init[956]: Your public key has been saved in /etc/ssh/ssh_host_dsa_key.pub.
[   20.171106] cloud-init[956]: The key fingerprint is:
[   20.171389] cloud-init[956]: SHA256:bc0wXYgdpfkIE6ior91hcxxOuAriOUwlN7i4/DLlqkk root@ubuntu-xenial
[   20.171631] cloud-init[956]: The key's randomart image is:
[   20.171905] cloud-init[956]: +---[DSA 1024]----+
[   20.172470] cloud-init[956]: |         ..o.+o  |
[   20.172715] cloud-init[956]: |        . .oo+   |
[   20.172990] cloud-init[956]: |  .  . .  = +    |
[   20.173242] cloud-init[956]: | o +. .. . B o   |
[   20.173499] cloud-init[956]: |. =.. . S o + .  |
[   20.173753] cloud-init[956]: |.o..   = o       |
[   20.174054] cloud-init[956]: |=E+.  = +        |
[   20.174340] cloud-init[956]: |+O.+.+ +         |
[   20.174577] cloud-init[956]: |++Boo .          |
[   20.174830] cloud-init[956]: +----[SHA256]-----+
[   20.175096] cloud-init[956]: Generating public/private ecdsa key pair.
[   20.175354] cloud-init[956]: Your identification has been saved in /etc/ssh/ssh_host_ecdsa_key.
[   20.175633] cloud-init[956]: Your public key has been saved in /etc/ssh/ssh_host_ecdsa_key.pub.
[   20.175888] cloud-init[956]: The key fingerprint is:
[   20.176457] cloud-init[956]: SHA256:zWB0sGLjWhn8iLGHmq++cLvPbfs/yxStj20gNVkiG0Y root@ubuntu-xenial
[   20.176711] cloud-init[956]: The key's randomart image is:
[   20.176976] cloud-init[956]: +---[ECDSA 256]---+
[   20.177233] cloud-init[956]: |       .E..      |
[   20.177492] cloud-init[956]: |     . .+o. .    |
[   20.177798] cloud-init[956]: |    . *.++ +     |
[   20.178022] cloud-init[956]: |     B O.++.     |
[   20.178276] cloud-init[956]: |    + * S.+..    |
[   20.178533] cloud-init[956]: |   o +  . .o     |
[   20.178782] cloud-init[956]: |. + .    .o.     |
[   20.179039] cloud-init[956]: | o + ..  o.+.    |
[   20.239072] cloud-init[956]: | .*=+.oo..=+o    |
[   20.239404] cloud-init[956]: +----[SHA256]-----+
[   20.239681] cloud-init[956]: Generating public/private ed25519 key pair.
[   20.240206] cloud-init[956]: Your identification has been saved in /etc/ssh/ssh_host_ed25519_key.
[   20.240359] cloud-init[956]: Your public key has been saved in /etc/ssh/ssh_host_ed25519_key.pub.
[   20.240617] cloud-init[956]: The key fingerprint is:
[   20.240877] cloud-init[956]: SHA256:TFyMl9MY/7mSZmn2qGjDxKAx3aSTY6XztrNetb63UgY root@ubuntu-xenial
[   20.241147] cloud-init[956]: The key's randomart image is:
[   20.241404] cloud-init[956]: +--[ED25519 256]--+
[   20.241873] cloud-init[956]: |         oo=     |
[   20.242137] cloud-init[956]: |       .+.*..    |
[   20.242617] cloud-init[956]: |     . Bo. ..    |
[   20.242710] cloud-init[956]: |    o @o.   E. . |
[   20.242964] cloud-init[956]: |     = BS   ..o  |
[   20.243219] cloud-init[956]: |    .   =  . +o. |
[   20.243473] cloud-init[956]: |       + .. Xo.  |
[   20.243728] cloud-init[956]: |        *o *.+.  |
[   20.244796] cloud-init[956]: |       o++..++o. |
[   20.245041] cloud-init[956]: +----[SHA256]-----+
[0;32m  OK  [0m] Started Initial cloud-init job (metadata service crawler).
[[0;32m  OK  [0m] Reached target Network is Online.
         Starting iSCSI initiator daemon (iscsid)...
[[0;32m  OK  [0m] Reached target Cloud-config availability.
[[0;32m  OK  [0m] Reached target System Initialization.
[[0;32m  OK  [0m] Started Daily Cleanup of Temporary Directories.
[[0;32m  OK  [0m] Listening on UUID daemon activation socket.
[[0;32m  OK  [0m] Started Message of the Day.
         Starting Socket activation for snappy daemon.
[[0;32m  OK  [0m] Started Ubuntu Advantage update messaging.
[[0;32m  OK  [0m] Listening on D-Bus System Message Bus Socket.
         Starting LXD - unix socket.
[[0;32m  OK  [0m] Started Daily apt download activities.
[[0;32m  OK  [0m] Started Daily apt upgrade and clean activities.
[[0;32m  OK  [0m] Reached target Timers.
[[0;32m  OK  [0m] Started ACPI Events Check.
[[0;32m  OK  [0m] Reached target Paths.
[[0;32m  OK  [0m] Listening on ACPID Listen Socket.
[[0;32m  OK  [0m] Listening on Socket activation for snappy daemon.
[[0;32m  OK  [0m] Listening on LXD - unix socket.
[[0;32m  OK  [0m] Started iSCSI initiator daemon (iscsid).
         Starting Login to default iSCSI targets...
[[0;32m  OK  [0m] Reached target Sockets.
[[0;32m  OK  [0m] Reached target Basic System.
[[0;32m  OK  [0m] Started Deferred execution scheduler.
[[0;32m  OK  [0m] Started D-Bus System Message Bus.
[[0;32m  OK  [0m] Started FUSE filesystem for LXC.
         Starting Accounts Service...
         Starting Virtualbox guest utils...
         Starting LXD - container startup/shutdown...
[[0;32m  OK  [0m] Started Regular background program processing daemon.
         Starting LSB: MD monitoring daemon...
[[0;32m  OK  [0m] Started ACPI event daemon.
         Starting System Logging Service...
         Starting LSB: Record successful boot for GRUB...
         Starting /etc/rc.local Compatibility...
         Starting Login Service...
         Starting Pollinate to seed the pseudo random number generator...
         Starting Snap Daemon...
[[0;32m  OK  [0m] Started System Logging Service.
[[0;32m  OK  [0m] Started /etc/rc.local Compatibility.
[[0;32m  OK  [0m] Started Login Service.
[[0;32m  OK  [0m] Started Unattended Upgrades Shutdown.
         Starting Authenticate and Authorize Users to Run Privileged Tasks...
[[0;32m  OK  [0m] Started LSB: MD monitoring daemon.
[[0;32m  OK  [0m] Started LSB: Record successful boot for GRUB.
[[0;32m  OK  [0m] Started Login to default iSCSI targets.
[[0;32m  OK  [0m] Reached target Remote File Systems (Pre).
[[0;32m  OK  [0m] Reached target Remote File Systems.
         Starting LSB: Set the CPU Frequency Scaling governor to "ondemand"...
         Starting LSB: automatic crash report generation...
         Starting Permit User Sessions...
         Starting LSB: daemon to balance interrupts for SMP systems...
[[0;32m  OK  [0m] Started Virtualbox guest utils.
[[0;32m  OK  [0m] Started LXD - container startup/shutdown.
[[0;32m  OK  [0m] Started Permit User Sessions.
[[0;32m  OK  [0m] Started Authenticate and Authorize Users to Run Privileged Tasks.
[[0;32m  OK  [0m] Started Accounts Service.
         Starting Terminate Plymouth Boot Screen...
         Starting Hold until boot process finishes up...
[[0;32m  OK  [0m] Started LSB: Set the CPU Frequency Scaling governor to "ondemand".
[[0;32m  OK  [0m] Started Terminate Plymouth Boot Screen.
[[0;32m  OK  [0m] Started Hold until boot process finishes up.
[[0;32m  OK  [0m] Started LSB: automatic crash report generation.
[[0;32m  OK  [0m] Started LSB: daemon to balance interrupts for SMP systems.
         Starting Set console scheme...
[[0;32m  OK  [0m] Started Serial Getty on ttyS0.
[[0;32m  OK  [0m] Started Getty on tty1.
[[0;32m  OK  [0m] Reached target Login Prompts.
[[0;32m  OK  [0m] Started Set console scheme.
[[0;32m  OK  [0m] Started Snap Daemon.
         Starting Wait until snapd is fully seeded...
[[0;32m  OK  [0m] Started Pollinate to seed the pseudo random number generator.
         Starting OpenBSD Secure Shell server...
[[0;32m  OK  [0m] Started OpenBSD Secure Shell server.

Ubuntu 16.04.7 LTS ubuntu-xenial ttyS0

ubuntu-xenial login: [   30.078594] cloud-init[1531]: Generating locales (this might take a while)...
[   30.840123] cloud-init[1531]:   en_US.UTF-8... done
[   30.841596] cloud-init[1531]: Generation complete.
[   31.067396] cloud-init[1531]: Cloud-init v. 21.1-19-gbad84ad4-0ubuntu1~16.04.2 running 'modules:config' at Tue, 24 Jan 2023 05:38:29 +0000. Up 29.99 seconds.
ci-info: no authorized SSH keys fingerprints found for user ubuntu.
<14>Jan 24 05:38:30 ec2: 
<14>Jan 24 05:38:30 ec2: #############################################################
<14>Jan 24 05:38:30 ec2: -----BEGIN SSH HOST KEY FINGERPRINTS-----
<14>Jan 24 05:38:30 ec2: 1024 SHA256:bc0wXYgdpfkIE6ior91hcxxOuAriOUwlN7i4/DLlqkk root@ubuntu-xenial (DSA)
<14>Jan 24 05:38:30 ec2: 256 SHA256:zWB0sGLjWhn8iLGHmq++cLvPbfs/yxStj20gNVkiG0Y root@ubuntu-xenial (ECDSA)
<14>Jan 24 05:38:30 ec2: 256 SHA256:TFyMl9MY/7mSZmn2qGjDxKAx3aSTY6XztrNetb63UgY root@ubuntu-xenial (ED25519)
<14>Jan 24 05:38:30 ec2: 2048 SHA256:N9tatOXOeg+KkDrYBob/MTUv3vB/TDh5gU4p0p+i2Lg root@ubuntu-xenial (RSA)
<14>Jan 24 05:38:30 ec2: -----END SSH HOST KEY FINGERPRINTS-----
<14>Jan 24 05:38:30 ec2: #############################################################
-----BEGIN SSH HOST KEY KEYS-----
ecdsa-sha2-nistp256 AAAAE2VjZHNhLXNoYTItbmlzdHAyNTYAAAAIbmlzdHAyNTYAAABBBKdOr0hNT8yRfY03lZ50MK3HKYLx+OUJpeta4BfAeY/qWdFY3/kCVQ+VAaaSz626zSHxDzx3ShO/0yjS7iARzEk= root@ubuntu-xenial
ssh-ed25519 AAAAC3NzaC1lZDI1NTE5AAAAIGoxSVI0a8zcix5ZhZIvB20jxmxhH0I9UTGnaEuFh5lX root@ubuntu-xenial
ssh-rsa AAAAB3NzaC1yc2EAAAADAQABAAABAQDROY+rZWZz2ni2/IZ8sv63aW//4mwJXuWYE8CnQgOyz1MNpxxX5AARRwx4Y18x+W/5OYLRUQwnx+nLYgFC3myb0lFdy5UXzEmpa7RWdkk7Yci+EdHK4sWycz7iMGh2oLwtyqjTOLAwOnOz/n5SNUKS06ahLddgNaIcDXWUn7QvnujzZGtv6yoMaYTgJFeAF3fV7v5NWXevP3ildjvvWJE6o/6DNXo75vkhzNE1T0/D4qP0S/z51f6DjRHRNmTXHl+hTDDQENYVbVa4UxhyKoZ2Kn1i2bgWDDEbOY2TSvlgMPnZwGAeWhTJFXiHQ4WdpBoumlWDCVI2u30ucHOg3hGt root@ubuntu-xenial
-----END SSH HOST KEY KEYS-----
[   31.367937] cloud-init[1637]: Cloud-init v. 21.1-19-gbad84ad4-0ubuntu1~16.04.2 running 'modules:final' at Tue, 24 Jan 2023 05:38:30 +0000. Up 31.27 seconds.
[   31.368536] cloud-init[1637]: ci-info: no authorized SSH keys fingerprints found for user ubuntu.
[   31.368805] cloud-init[1637]: Cloud-init v. 21.1-19-gbad84ad4-0ubuntu1~16.04.2 finished at Tue, 24 Jan 2023 05:38:30 +0000. Datasource DataSourceNoCloud [seed=/dev/sdb][dsmode=net].  Up 31.36 seconds
